{"/Users/issam/dev/interviews/omnipresent/src/application/common/logger.ts": {"path":"/Users/issam/dev/interviews/omnipresent/src/application/common/logger.ts","statementMap":{"0":{"start":{"line":1,"column":0},"end":{"line":1,"column":59}},"1":{"start":{"line":2,"column":0},"end":{"line":2,"column":59}},"2":{"start":{"line":4,"column":16},"end":{"line":4,"column":39}},"3":{"start":{"line":5,"column":15},"end":{"line":5,"column":52}},"4":{"start":{"line":6,"column":14},"end":{"line":6,"column":16}},"5":{"start":{"line":8,"column":0},"end":{"line":19,"column":4}},"6":{"start":{"line":9,"column":2},"end":{"line":19,"column":4}},"7":{"start":{"line":21,"column":0},"end":{"line":26,"column":4}},"8":{"start":{"line":22,"column":2},"end":{"line":26,"column":4}},"9":{"start":{"line":28,"column":15},"end":{"line":31,"column":2}},"10":{"start":{"line":33,"column":0},"end":{"line":33,"column":22}}},"fnMap":{},"branchMap":{"0":{"loc":{"start":{"line":8,"column":0},"end":{"line":19,"column":4}},"type":"if","locations":[{"start":{"line":8,"column":0},"end":{"line":19,"column":4}}]},"1":{"loc":{"start":{"line":21,"column":0},"end":{"line":26,"column":4}},"type":"if","locations":[{"start":{"line":21,"column":0},"end":{"line":26,"column":4}}]}},"s":{"0":2,"1":2,"2":2,"3":2,"4":2,"5":2,"6":0,"7":2,"8":2,"9":2,"10":2},"f":{},"b":{"0":[0],"1":[2]}}
,"/Users/issam/dev/interviews/omnipresent/src/application/config/environment.ts": {"path":"/Users/issam/dev/interviews/omnipresent/src/application/config/environment.ts","statementMap":{"0":{"start":{"line":1,"column":0},"end":{"line":1,"column":28}},"1":{"start":{"line":3,"column":0},"end":{"line":3,"column":32}},"2":{"start":{"line":10,"column":13},"end":{"line":10,"column":48}},"3":{"start":{"line":11,"column":13},"end":{"line":11,"column":49}},"4":{"start":{"line":12,"column":13},"end":{"line":12,"column":37}},"5":{"start":{"line":20,"column":13},"end":{"line":20,"column":59}},"6":{"start":{"line":36,"column":13},"end":{"line":41,"column":2}},"7":{"start":{"line":47,"column":13},"end":{"line":52,"column":2}},"8":{"start":{"line":55,"column":13},"end":{"line":55,"column":69}},"9":{"start":{"line":56,"column":13},"end":{"line":56,"column":71}},"10":{"start":{"line":57,"column":13},"end":{"line":57,"column":null}},"11":{"start":{"line":58,"column":13},"end":{"line":58,"column":null}},"12":{"start":{"line":59,"column":13},"end":{"line":59,"column":null}}},"fnMap":{},"branchMap":{"0":{"loc":{"start":{"line":20,"column":30},"end":{"line":20,"column":58}},"type":"binary-expr","locations":[{"start":{"line":20,"column":30},"end":{"line":20,"column":52}},{"start":{"line":20,"column":56},"end":{"line":20,"column":58}}]}},"s":{"0":2,"1":2,"2":2,"3":2,"4":2,"5":2,"6":2,"7":2,"8":2,"9":2,"10":2,"11":2,"12":2},"f":{},"b":{"0":[2,2]}}
,"/Users/issam/dev/interviews/omnipresent/src/domain/models/index.ts": {"path":"/Users/issam/dev/interviews/omnipresent/src/domain/models/index.ts","statementMap":{"0":{"start":{"line":1,"column":0},"end":{"line":1,"column":26}},"1":{"start":{"line":2,"column":0},"end":{"line":2,"column":27}},"2":{"start":{"line":3,"column":0},"end":{"line":3,"column":28}},"3":{"start":{"line":4,"column":0},"end":{"line":4,"column":25}}},"fnMap":{},"branchMap":{},"s":{"0":3,"1":3,"2":3,"3":3},"f":{},"b":{}}
,"/Users/issam/dev/interviews/omnipresent/src/domain/models/contracts/countries-repository.ts": {"path":"/Users/issam/dev/interviews/omnipresent/src/domain/models/contracts/countries-repository.ts","statementMap":{"0":{"start":{"line":3,"column":13},"end":{"line":3,"column":59}}},"fnMap":{},"branchMap":{},"s":{"0":3},"f":{},"b":{}}
,"/Users/issam/dev/interviews/omnipresent/src/domain/models/contracts/employees-repository.ts": {"path":"/Users/issam/dev/interviews/omnipresent/src/domain/models/contracts/employees-repository.ts","statementMap":{"0":{"start":{"line":3,"column":13},"end":{"line":3,"column":59}}},"fnMap":{},"branchMap":{},"s":{"0":3},"f":{},"b":{}}
,"/Users/issam/dev/interviews/omnipresent/src/domain/models/contracts/index.ts": {"path":"/Users/issam/dev/interviews/omnipresent/src/domain/models/contracts/index.ts","statementMap":{"0":{"start":{"line":1,"column":0},"end":{"line":1,"column":39}},"1":{"start":{"line":2,"column":0},"end":{"line":2,"column":39}},"2":{"start":{"line":3,"column":0},"end":{"line":3,"column":36}}},"fnMap":{},"branchMap":{},"s":{"0":3,"1":3,"2":3},"f":{},"b":{}}
,"/Users/issam/dev/interviews/omnipresent/src/domain/models/contracts/region-repository.ts": {"path":"/Users/issam/dev/interviews/omnipresent/src/domain/models/contracts/region-repository.ts","statementMap":{"0":{"start":{"line":3,"column":13},"end":{"line":3,"column":53}}},"fnMap":{},"branchMap":{},"s":{"0":3},"f":{},"b":{}}
,"/Users/issam/dev/interviews/omnipresent/src/domain/use-cases/countries-service.ts": {"path":"/Users/issam/dev/interviews/omnipresent/src/domain/use-cases/countries-service.ts","statementMap":{"0":{"start":{"line":3,"column":13},"end":{"line":3,"column":53}}},"fnMap":{},"branchMap":{},"s":{"0":3},"f":{},"b":{}}
,"/Users/issam/dev/interviews/omnipresent/src/domain/use-cases/employees-service.ts": {"path":"/Users/issam/dev/interviews/omnipresent/src/domain/use-cases/employees-service.ts","statementMap":{"0":{"start":{"line":3,"column":13},"end":{"line":3,"column":53}}},"fnMap":{},"branchMap":{},"s":{"0":3},"f":{},"b":{}}
,"/Users/issam/dev/interviews/omnipresent/src/domain/use-cases/index.ts": {"path":"/Users/issam/dev/interviews/omnipresent/src/domain/use-cases/index.ts","statementMap":{"0":{"start":{"line":1,"column":0},"end":{"line":1,"column":36}},"1":{"start":{"line":2,"column":0},"end":{"line":2,"column":36}},"2":{"start":{"line":3,"column":0},"end":{"line":3,"column":33}},"3":{"start":{"line":4,"column":0},"end":{"line":4,"column":23}}},"fnMap":{},"branchMap":{},"s":{"0":3,"1":3,"2":3,"3":3},"f":{},"b":{}}
,"/Users/issam/dev/interviews/omnipresent/src/domain/use-cases/region-service.ts": {"path":"/Users/issam/dev/interviews/omnipresent/src/domain/use-cases/region-service.ts","statementMap":{"0":{"start":{"line":3,"column":13},"end":{"line":3,"column":47}}},"fnMap":{},"branchMap":{},"s":{"0":3},"f":{},"b":{}}
,"/Users/issam/dev/interviews/omnipresent/src/domain/use-cases/impl/countries-service-impl.ts": {"path":"/Users/issam/dev/interviews/omnipresent/src/domain/use-cases/impl/countries-service-impl.ts","statementMap":{"0":{"start":{"line":1,"column":0},"end":{"line":1,"column":49}},"1":{"start":{"line":2,"column":0},"end":{"line":2,"column":null}},"2":{"start":{"line":9,"column":0},"end":{"line":15,"column":null}},"3":{"start":{"line":10,"column":62},"end":{"line":10,"column":103}},"4":{"start":{"line":13,"column":4},"end":{"line":13,"column":55}},"5":{"start":{"line":9,"column":13},"end":{"line":15,"column":null}},"6":{"start":{"line":9,"column":13},"end":{"line":9,"column":33}}},"fnMap":{"0":{"name":"(anonymous_4)","decl":{"start":{"line":10,"column":2},"end":{"line":10,"column":15}},"loc":{"start":{"line":10,"column":103},"end":{"line":10,"column":107}}},"1":{"name":"(anonymous_5)","decl":{"start":{"line":12,"column":2},"end":{"line":12,"column":7}},"loc":{"start":{"line":12,"column":51},"end":{"line":14,"column":3}}}},"branchMap":{},"s":{"0":3,"1":3,"2":3,"3":2,"4":2,"5":3,"6":3},"f":{"0":2,"1":2},"b":{}}
,"/Users/issam/dev/interviews/omnipresent/src/domain/use-cases/impl/employees-service-impl.ts": {"path":"/Users/issam/dev/interviews/omnipresent/src/domain/use-cases/impl/employees-service-impl.ts","statementMap":{"0":{"start":{"line":1,"column":0},"end":{"line":1,"column":49}},"1":{"start":{"line":2,"column":0},"end":{"line":2,"column":92}},"2":{"start":{"line":3,"column":0},"end":{"line":3,"column":null}},"3":{"start":{"line":12,"column":33},"end":{"line":71,"column":null}},"4":{"start":{"line":15,"column":21},"end":{"line":15,"column":65}},"5":{"start":{"line":17,"column":21},"end":{"line":17,"column":59}},"6":{"start":{"line":19,"column":21},"end":{"line":19,"column":50}},"7":{"start":{"line":23,"column":22},"end":{"line":23,"column":70}},"8":{"start":{"line":25,"column":27},"end":{"line":25,"column":72}},"9":{"start":{"line":25,"column":55},"end":{"line":25,"column":71}},"10":{"start":{"line":26,"column":22},"end":{"line":28,"column":6}},"11":{"start":{"line":30,"column":25},"end":{"line":30,"column":67}},"12":{"start":{"line":30,"column":52},"end":{"line":30,"column":66}},"13":{"start":{"line":31,"column":26},"end":{"line":33,"column":6}},"14":{"start":{"line":35,"column":4},"end":{"line":35,"column":77}},"15":{"start":{"line":43,"column":25},"end":{"line":43,"column":27}},"16":{"start":{"line":44,"column":4},"end":{"line":46,"column":7}},"17":{"start":{"line":45,"column":6},"end":{"line":45,"column":43}},"18":{"start":{"line":48,"column":29},"end":{"line":48,"column":31}},"19":{"start":{"line":49,"column":4},"end":{"line":51,"column":7}},"20":{"start":{"line":50,"column":6},"end":{"line":50,"column":57}},"21":{"start":{"line":52,"column":4},"end":{"line":64,"column":7}},"22":{"start":{"line":53,"column":30},"end":{"line":53,"column":60}},"23":{"start":{"line":54,"column":29},"end":{"line":54,"column":70}},"24":{"start":{"line":55,"column":30},"end":{"line":55,"column":61}},"25":{"start":{"line":56,"column":6},"end":{"line":63,"column":8}},"26":{"start":{"line":68,"column":49},"end":{"line":68,"column":57}},"27":{"start":{"line":69,"column":4},"end":{"line":69,"column":103}},"28":{"start":{"line":12,"column":13},"end":{"line":71,"column":null}},"29":{"start":{"line":12,"column":13},"end":{"line":12,"column":33}}},"fnMap":{"0":{"name":"(anonymous_4)","decl":{"start":{"line":13,"column":2},"end":{"line":13,"column":null}},"loc":{"start":{"line":19,"column":50},"end":{"line":20,"column":6}}},"1":{"name":"(anonymous_5)","decl":{"start":{"line":22,"column":2},"end":{"line":22,"column":7}},"loc":{"start":{"line":22,"column":20},"end":{"line":36,"column":3}}},"2":{"name":"(anonymous_6)","decl":{"start":{"line":25,"column":41},"end":{"line":25,"column":42}},"loc":{"start":{"line":25,"column":55},"end":{"line":25,"column":71}}},"3":{"name":"(anonymous_7)","decl":{"start":{"line":30,"column":39},"end":{"line":30,"column":40}},"loc":{"start":{"line":30,"column":52},"end":{"line":30,"column":66}}},"4":{"name":"(anonymous_8)","decl":{"start":{"line":38,"column":10},"end":{"line":38,"column":32}},"loc":{"start":{"line":41,"column":56},"end":{"line":65,"column":3}}},"5":{"name":"(anonymous_9)","decl":{"start":{"line":44,"column":18},"end":{"line":44,"column":19}},"loc":{"start":{"line":44,"column":30},"end":{"line":46,"column":5}}},"6":{"name":"(anonymous_10)","decl":{"start":{"line":49,"column":22},"end":{"line":49,"column":23}},"loc":{"start":{"line":49,"column":39},"end":{"line":51,"column":5}}},"7":{"name":"(anonymous_11)","decl":{"start":{"line":52,"column":25},"end":{"line":52,"column":26}},"loc":{"start":{"line":52,"column":38},"end":{"line":64,"column":5}}},"8":{"name":"(anonymous_12)","decl":{"start":{"line":67,"column":10},"end":{"line":67,"column":16}},"loc":{"start":{"line":67,"column":56},"end":{"line":70,"column":3}}}},"branchMap":{"0":{"loc":{"start":{"line":54,"column":46},"end":{"line":54,"column":69}},"type":"cond-expr","locations":[{"start":{"line":54,"column":61},"end":{"line":54,"column":63}},{"start":{"line":54,"column":46},"end":{"line":54,"column":69}}]},"1":{"loc":{"start":{"line":54,"column":46},"end":{"line":54,"column":63}},"type":"binary-expr","locations":[{"start":{"line":54,"column":46},"end":{"line":54,"column":63}},{"start":{"line":54,"column":46},"end":{"line":54,"column":63}}]},"2":{"loc":{"start":{"line":55,"column":30},"end":{"line":55,"column":61}},"type":"cond-expr","locations":[{"start":{"line":55,"column":44},"end":{"line":55,"column":46}},{"start":{"line":55,"column":30},"end":{"line":55,"column":61}}]},"3":{"loc":{"start":{"line":55,"column":30},"end":{"line":55,"column":46}},"type":"binary-expr","locations":[{"start":{"line":55,"column":30},"end":{"line":55,"column":46}},{"start":{"line":55,"column":30},"end":{"line":55,"column":46}}]},"4":{"loc":{"start":{"line":59,"column":17},"end":{"line":59,"column":40}},"type":"binary-expr","locations":[{"start":{"line":59,"column":17},"end":{"line":59,"column":32}},{"start":{"line":59,"column":36},"end":{"line":59,"column":40}}]},"5":{"loc":{"start":{"line":60,"column":12},"end":{"line":62,"column":10}},"type":"binary-expr","locations":[{"start":{"line":60,"column":12},"end":{"line":60,"column":27}},{"start":{"line":60,"column":31},"end":{"line":62,"column":10}}]}},"s":{"0":3,"1":3,"2":3,"3":3,"4":9,"5":9,"6":9,"7":9,"8":9,"9":13,"10":9,"11":9,"12":12,"13":9,"14":9,"15":9,"16":9,"17":12,"18":9,"19":9,"20":30,"21":9,"22":13,"23":13,"24":13,"25":13,"26":7,"27":7,"28":3,"29":3},"f":{"0":9,"1":9,"2":13,"3":12,"4":9,"5":12,"6":30,"7":13,"8":7},"b":{"0":[1,12],"1":[13,13],"2":[2,11],"3":[13,13],"4":[13,1],"5":[13,7]}}
,"/Users/issam/dev/interviews/omnipresent/src/domain/use-cases/impl/index.ts": {"path":"/Users/issam/dev/interviews/omnipresent/src/domain/use-cases/impl/index.ts","statementMap":{"0":{"start":{"line":1,"column":0},"end":{"line":1,"column":41}},"1":{"start":{"line":2,"column":0},"end":{"line":2,"column":41}},"2":{"start":{"line":3,"column":0},"end":{"line":3,"column":38}}},"fnMap":{},"branchMap":{},"s":{"0":3,"1":3,"2":3},"f":{},"b":{}}
,"/Users/issam/dev/interviews/omnipresent/src/domain/use-cases/impl/region-service-impl.ts": {"path":"/Users/issam/dev/interviews/omnipresent/src/domain/use-cases/impl/region-service-impl.ts","statementMap":{"0":{"start":{"line":1,"column":0},"end":{"line":1,"column":49}},"1":{"start":{"line":3,"column":0},"end":{"line":3,"column":71}},"2":{"start":{"line":6,"column":0},"end":{"line":15,"column":null}},"3":{"start":{"line":9,"column":21},"end":{"line":9,"column":56}},"4":{"start":{"line":13,"column":4},"end":{"line":13,"column":56}},"5":{"start":{"line":6,"column":13},"end":{"line":15,"column":null}},"6":{"start":{"line":6,"column":13},"end":{"line":6,"column":30}}},"fnMap":{"0":{"name":"(anonymous_4)","decl":{"start":{"line":7,"column":2},"end":{"line":7,"column":null}},"loc":{"start":{"line":9,"column":56},"end":{"line":10,"column":6}}},"1":{"name":"(anonymous_5)","decl":{"start":{"line":12,"column":2},"end":{"line":12,"column":7}},"loc":{"start":{"line":12,"column":68},"end":{"line":14,"column":3}}}},"branchMap":{},"s":{"0":3,"1":3,"2":3,"3":4,"4":2,"5":3,"6":3},"f":{"0":4,"1":2},"b":{}}
,"/Users/issam/dev/interviews/omnipresent/src/infrastructure/driven-adapters/adapters/countries-repository-adapter.ts": {"path":"/Users/issam/dev/interviews/omnipresent/src/infrastructure/driven-adapters/adapters/countries-repository-adapter.ts","statementMap":{"0":{"start":{"line":1,"column":0},"end":{"line":1,"column":49}},"1":{"start":{"line":3,"column":0},"end":{"line":3,"column":26}},"2":{"start":{"line":4,"column":0},"end":{"line":4,"column":73}},"3":{"start":{"line":9,"column":31},"end":{"line":9,"column":35}},"4":{"start":{"line":10,"column":4},"end":{"line":17,"column":null}},"5":{"start":{"line":11,"column":23},"end":{"line":11,"column":100}},"6":{"start":{"line":12,"column":6},"end":{"line":12,"column":71}},"7":{"start":{"line":14,"column":6},"end":{"line":14,"column":21}},"8":{"start":{"line":16,"column":6},"end":{"line":16,"column":null}},"9":{"start":{"line":21,"column":4},"end":{"line":40,"column":7}},"10":{"start":{"line":22,"column":25},"end":{"line":27,"column":null}},"11":{"start":{"line":23,"column":83},"end":{"line":27,"column":10}},"12":{"start":{"line":29,"column":24},"end":{"line":29,"column":72}},"13":{"start":{"line":30,"column":24},"end":{"line":30,"column":57}},"14":{"start":{"line":31,"column":20},"end":{"line":31,"column":92}},"15":{"start":{"line":32,"column":6},"end":{"line":39,"column":8}},"16":{"start":{"line":44,"column":26},"end":{"line":44,"column":79}},"17":{"start":{"line":44,"column":58},"end":{"line":44,"column":78}},"18":{"start":{"line":45,"column":4},"end":{"line":45,"column":57}},"19":{"start":{"line":7,"column":0},"end":{"line":7,"column":13}}},"fnMap":{"0":{"name":"(anonymous_1)","decl":{"start":{"line":8,"column":2},"end":{"line":8,"column":7}},"loc":{"start":{"line":8,"column":54},"end":{"line":18,"column":3}}},"1":{"name":"(anonymous_2)","decl":{"start":{"line":20,"column":10},"end":{"line":20,"column":30}},"loc":{"start":{"line":20,"column":66},"end":{"line":41,"column":3}}},"2":{"name":"(anonymous_3)","decl":{"start":{"line":21,"column":20},"end":{"line":21,"column":21}},"loc":{"start":{"line":21,"column":36},"end":{"line":40,"column":5}}},"3":{"name":"(anonymous_4)","decl":{"start":{"line":23,"column":8},"end":{"line":23,"column":9}},"loc":{"start":{"line":23,"column":83},"end":{"line":27,"column":10}}},"4":{"name":"(anonymous_5)","decl":{"start":{"line":43,"column":10},"end":{"line":43,"column":26}},"loc":{"start":{"line":43,"column":65},"end":{"line":46,"column":3}}},"5":{"name":"(anonymous_6)","decl":{"start":{"line":44,"column":48},"end":{"line":44,"column":49}},"loc":{"start":{"line":44,"column":58},"end":{"line":44,"column":78}}}},"branchMap":{"0":{"loc":{"start":{"line":34,"column":14},"end":{"line":34,"column":66}},"type":"binary-expr","locations":[{"start":{"line":34,"column":14},"end":{"line":34,"column":39}},{"start":{"line":34,"column":43},"end":{"line":34,"column":66}}]},"1":{"loc":{"start":{"line":45,"column":11},"end":{"line":45,"column":56}},"type":"cond-expr","locations":[{"start":{"line":45,"column":35},"end":{"line":45,"column":51}},{"start":{"line":45,"column":54},"end":{"line":45,"column":56}}]},"2":{"loc":{"start":{"line":45,"column":11},"end":{"line":45,"column":32}},"type":"cond-expr","locations":[{"start":{"line":45,"column":24},"end":{"line":45,"column":26}},{"start":{"line":45,"column":11},"end":{"line":45,"column":32}}]},"3":{"loc":{"start":{"line":45,"column":11},"end":{"line":45,"column":26}},"type":"binary-expr","locations":[{"start":{"line":45,"column":11},"end":{"line":45,"column":26}},{"start":{"line":45,"column":11},"end":{"line":45,"column":26}}]}},"s":{"0":2,"1":2,"2":2,"3":9,"4":9,"5":9,"6":8,"7":1,"8":1,"9":8,"10":12,"11":12,"12":12,"13":12,"14":12,"15":12,"16":12,"17":24,"18":12,"19":2},"f":{"0":9,"1":8,"2":12,"3":12,"4":12,"5":24},"b":{"0":[12,0],"1":[12,0],"2":[0,12],"3":[12,12]}}
,"/Users/issam/dev/interviews/omnipresent/src/infrastructure/driven-adapters/adapters/employees-repository-adapter.ts": {"path":"/Users/issam/dev/interviews/omnipresent/src/infrastructure/driven-adapters/adapters/employees-repository-adapter.ts","statementMap":{"0":{"start":{"line":3,"column":23},"end":{"line":52,"column":3}},"1":{"start":{"line":58,"column":4},"end":{"line":58,"column":43}},"2":{"start":{"line":56,"column":0},"end":{"line":56,"column":13}}},"fnMap":{"0":{"name":"(anonymous_0)","decl":{"start":{"line":57,"column":2},"end":{"line":57,"column":7}},"loc":{"start":{"line":57,"column":20},"end":{"line":59,"column":3}}}},"branchMap":{},"s":{"0":2,"1":0,"2":2},"f":{"0":0},"b":{}}
,"/Users/issam/dev/interviews/omnipresent/src/infrastructure/driven-adapters/adapters/index.ts": {"path":"/Users/issam/dev/interviews/omnipresent/src/infrastructure/driven-adapters/adapters/index.ts","statementMap":{"0":{"start":{"line":1,"column":0},"end":{"line":1,"column":47}},"1":{"start":{"line":2,"column":0},"end":{"line":2,"column":47}},"2":{"start":{"line":3,"column":0},"end":{"line":3,"column":44}}},"fnMap":{},"branchMap":{},"s":{"0":2,"1":2,"2":2},"f":{},"b":{}}
,"/Users/issam/dev/interviews/omnipresent/src/infrastructure/driven-adapters/adapters/region-repository-adapter.ts": {"path":"/Users/issam/dev/interviews/omnipresent/src/infrastructure/driven-adapters/adapters/region-repository-adapter.ts","statementMap":{"0":{"start":{"line":3,"column":20},"end":{"line":24,"column":2}},"1":{"start":{"line":31,"column":22},"end":{"line":31,"column":26}},"2":{"start":{"line":32,"column":25},"end":{"line":32,"column":84}},"3":{"start":{"line":32,"column":56},"end":{"line":32,"column":83}},"4":{"start":{"line":33,"column":4},"end":{"line":33,"column":41}},"5":{"start":{"line":27,"column":0},"end":{"line":27,"column":13}}},"fnMap":{"0":{"name":"(anonymous_0)","decl":{"start":{"line":28,"column":2},"end":{"line":28,"column":7}},"loc":{"start":{"line":29,"column":50},"end":{"line":34,"column":3}}},"1":{"name":"(anonymous_1)","decl":{"start":{"line":32,"column":44},"end":{"line":32,"column":45}},"loc":{"start":{"line":32,"column":56},"end":{"line":32,"column":83}}}},"branchMap":{},"s":{"0":2,"1":1,"2":1,"3":4,"4":1,"5":2},"f":{"0":1,"1":4},"b":{}}
}
