{"/Users/issam/dev/interviews/omnipresent/src/domain/models/index.ts": {"path":"/Users/issam/dev/interviews/omnipresent/src/domain/models/index.ts","statementMap":{"0":{"start":{"line":1,"column":0},"end":{"line":1,"column":26}},"1":{"start":{"line":2,"column":0},"end":{"line":2,"column":27}},"2":{"start":{"line":3,"column":0},"end":{"line":3,"column":28}},"3":{"start":{"line":4,"column":0},"end":{"line":4,"column":25}}},"fnMap":{},"branchMap":{},"s":{"0":1,"1":1,"2":1,"3":1},"f":{},"b":{}}
,"/Users/issam/dev/interviews/omnipresent/src/domain/models/contracts/get-countries-repository.ts": {"path":"/Users/issam/dev/interviews/omnipresent/src/domain/models/contracts/get-countries-repository.ts","statementMap":{"0":{"start":{"line":3,"column":13},"end":{"line":3,"column":67}}},"fnMap":{},"branchMap":{},"s":{"0":1},"f":{},"b":{}}
,"/Users/issam/dev/interviews/omnipresent/src/domain/models/contracts/get-employees-repository.ts": {"path":"/Users/issam/dev/interviews/omnipresent/src/domain/models/contracts/get-employees-repository.ts","statementMap":{"0":{"start":{"line":3,"column":13},"end":{"line":3,"column":67}}},"fnMap":{},"branchMap":{},"s":{"0":1},"f":{},"b":{}}
,"/Users/issam/dev/interviews/omnipresent/src/domain/models/contracts/index.ts": {"path":"/Users/issam/dev/interviews/omnipresent/src/domain/models/contracts/index.ts","statementMap":{"0":{"start":{"line":1,"column":0},"end":{"line":1,"column":43}},"1":{"start":{"line":2,"column":0},"end":{"line":2,"column":43}},"2":{"start":{"line":3,"column":0},"end":{"line":3,"column":36}}},"fnMap":{},"branchMap":{},"s":{"0":1,"1":1,"2":1},"f":{},"b":{}}
,"/Users/issam/dev/interviews/omnipresent/src/domain/models/contracts/region-repository.ts": {"path":"/Users/issam/dev/interviews/omnipresent/src/domain/models/contracts/region-repository.ts","statementMap":{"0":{"start":{"line":3,"column":13},"end":{"line":3,"column":53}}},"fnMap":{},"branchMap":{},"s":{"0":1},"f":{},"b":{}}
,"/Users/issam/dev/interviews/omnipresent/src/domain/use-cases/get-countries-service.ts": {"path":"/Users/issam/dev/interviews/omnipresent/src/domain/use-cases/get-countries-service.ts","statementMap":{"0":{"start":{"line":3,"column":13},"end":{"line":3,"column":61}}},"fnMap":{},"branchMap":{},"s":{"0":1},"f":{},"b":{}}
,"/Users/issam/dev/interviews/omnipresent/src/domain/use-cases/get-employees-service.ts": {"path":"/Users/issam/dev/interviews/omnipresent/src/domain/use-cases/get-employees-service.ts","statementMap":{"0":{"start":{"line":3,"column":13},"end":{"line":3,"column":61}}},"fnMap":{},"branchMap":{},"s":{"0":1},"f":{},"b":{}}
,"/Users/issam/dev/interviews/omnipresent/src/domain/use-cases/index.ts": {"path":"/Users/issam/dev/interviews/omnipresent/src/domain/use-cases/index.ts","statementMap":{"0":{"start":{"line":1,"column":0},"end":{"line":1,"column":40}},"1":{"start":{"line":2,"column":0},"end":{"line":2,"column":40}},"2":{"start":{"line":3,"column":0},"end":{"line":3,"column":33}},"3":{"start":{"line":4,"column":0},"end":{"line":4,"column":23}}},"fnMap":{},"branchMap":{},"s":{"0":1,"1":1,"2":1,"3":1},"f":{},"b":{}}
,"/Users/issam/dev/interviews/omnipresent/src/domain/use-cases/region-service.ts": {"path":"/Users/issam/dev/interviews/omnipresent/src/domain/use-cases/region-service.ts","statementMap":{"0":{"start":{"line":3,"column":13},"end":{"line":3,"column":47}}},"fnMap":{},"branchMap":{},"s":{"0":1},"f":{},"b":{}}
,"/Users/issam/dev/interviews/omnipresent/src/domain/use-cases/impl/get-countries-service-impl.ts": {"path":"/Users/issam/dev/interviews/omnipresent/src/domain/use-cases/impl/get-countries-service-impl.ts","statementMap":{"0":{"start":{"line":1,"column":0},"end":{"line":1,"column":49}},"1":{"start":{"line":2,"column":0},"end":{"line":2,"column":null}},"2":{"start":{"line":9,"column":0},"end":{"line":15,"column":null}},"3":{"start":{"line":10,"column":66},"end":{"line":10,"column":113}},"4":{"start":{"line":13,"column":4},"end":{"line":13,"column":64}},"5":{"start":{"line":9,"column":13},"end":{"line":15,"column":null}},"6":{"start":{"line":9,"column":13},"end":{"line":9,"column":36}}},"fnMap":{"0":{"name":"(anonymous_4)","decl":{"start":{"line":10,"column":2},"end":{"line":10,"column":15}},"loc":{"start":{"line":10,"column":113},"end":{"line":10,"column":117}}},"1":{"name":"(anonymous_5)","decl":{"start":{"line":12,"column":2},"end":{"line":12,"column":7}},"loc":{"start":{"line":12,"column":54},"end":{"line":14,"column":3}}}},"branchMap":{},"s":{"0":1,"1":1,"2":1,"3":1,"4":1,"5":1,"6":1},"f":{"0":1,"1":1},"b":{}}
,"/Users/issam/dev/interviews/omnipresent/src/domain/use-cases/impl/get-employees-service-impl.ts": {"path":"/Users/issam/dev/interviews/omnipresent/src/domain/use-cases/impl/get-employees-service-impl.ts","statementMap":{"0":{"start":{"line":1,"column":0},"end":{"line":1,"column":49}},"1":{"start":{"line":2,"column":0},"end":{"line":2,"column":99}},"2":{"start":{"line":3,"column":0},"end":{"line":3,"column":null}},"3":{"start":{"line":12,"column":36},"end":{"line":70,"column":null}},"4":{"start":{"line":15,"column":21},"end":{"line":15,"column":68}},"5":{"start":{"line":17,"column":21},"end":{"line":17,"column":62}},"6":{"start":{"line":19,"column":21},"end":{"line":19,"column":50}},"7":{"start":{"line":23,"column":22},"end":{"line":23,"column":70}},"8":{"start":{"line":25,"column":27},"end":{"line":25,"column":72}},"9":{"start":{"line":25,"column":55},"end":{"line":25,"column":71}},"10":{"start":{"line":26,"column":22},"end":{"line":28,"column":6}},"11":{"start":{"line":30,"column":25},"end":{"line":30,"column":67}},"12":{"start":{"line":30,"column":52},"end":{"line":30,"column":66}},"13":{"start":{"line":31,"column":26},"end":{"line":33,"column":6}},"14":{"start":{"line":35,"column":4},"end":{"line":35,"column":76}},"15":{"start":{"line":43,"column":25},"end":{"line":43,"column":27}},"16":{"start":{"line":44,"column":4},"end":{"line":46,"column":7}},"17":{"start":{"line":45,"column":6},"end":{"line":45,"column":43}},"18":{"start":{"line":48,"column":29},"end":{"line":48,"column":31}},"19":{"start":{"line":49,"column":4},"end":{"line":51,"column":7}},"20":{"start":{"line":50,"column":6},"end":{"line":50,"column":57}},"21":{"start":{"line":52,"column":4},"end":{"line":63,"column":7}},"22":{"start":{"line":53,"column":30},"end":{"line":53,"column":60}},"23":{"start":{"line":54,"column":29},"end":{"line":54,"column":69}},"24":{"start":{"line":55,"column":30},"end":{"line":55,"column":61}},"25":{"start":{"line":56,"column":6},"end":{"line":62,"column":8}},"26":{"start":{"line":67,"column":49},"end":{"line":67,"column":57}},"27":{"start":{"line":68,"column":4},"end":{"line":68,"column":75}},"28":{"start":{"line":12,"column":13},"end":{"line":70,"column":null}},"29":{"start":{"line":12,"column":13},"end":{"line":12,"column":36}}},"fnMap":{"0":{"name":"(anonymous_4)","decl":{"start":{"line":13,"column":2},"end":{"line":13,"column":null}},"loc":{"start":{"line":19,"column":50},"end":{"line":20,"column":6}}},"1":{"name":"(anonymous_5)","decl":{"start":{"line":22,"column":2},"end":{"line":22,"column":7}},"loc":{"start":{"line":22,"column":20},"end":{"line":36,"column":3}}},"2":{"name":"(anonymous_6)","decl":{"start":{"line":25,"column":41},"end":{"line":25,"column":42}},"loc":{"start":{"line":25,"column":55},"end":{"line":25,"column":71}}},"3":{"name":"(anonymous_7)","decl":{"start":{"line":30,"column":39},"end":{"line":30,"column":40}},"loc":{"start":{"line":30,"column":52},"end":{"line":30,"column":66}}},"4":{"name":"(anonymous_8)","decl":{"start":{"line":38,"column":10},"end":{"line":38,"column":32}},"loc":{"start":{"line":41,"column":56},"end":{"line":64,"column":3}}},"5":{"name":"(anonymous_9)","decl":{"start":{"line":44,"column":18},"end":{"line":44,"column":19}},"loc":{"start":{"line":44,"column":30},"end":{"line":46,"column":5}}},"6":{"name":"(anonymous_10)","decl":{"start":{"line":49,"column":22},"end":{"line":49,"column":23}},"loc":{"start":{"line":49,"column":39},"end":{"line":51,"column":5}}},"7":{"name":"(anonymous_11)","decl":{"start":{"line":52,"column":25},"end":{"line":52,"column":26}},"loc":{"start":{"line":52,"column":38},"end":{"line":63,"column":5}}},"8":{"name":"(anonymous_12)","decl":{"start":{"line":66,"column":10},"end":{"line":66,"column":16}},"loc":{"start":{"line":66,"column":56},"end":{"line":69,"column":3}}}},"branchMap":{"0":{"loc":{"start":{"line":55,"column":30},"end":{"line":55,"column":61}},"type":"cond-expr","locations":[{"start":{"line":55,"column":44},"end":{"line":55,"column":46}},{"start":{"line":55,"column":30},"end":{"line":55,"column":61}}]},"1":{"loc":{"start":{"line":55,"column":30},"end":{"line":55,"column":46}},"type":"binary-expr","locations":[{"start":{"line":55,"column":30},"end":{"line":55,"column":46}},{"start":{"line":55,"column":30},"end":{"line":55,"column":46}}]},"2":{"loc":{"start":{"line":59,"column":12},"end":{"line":61,"column":10}},"type":"binary-expr","locations":[{"start":{"line":59,"column":12},"end":{"line":59,"column":27}},{"start":{"line":59,"column":31},"end":{"line":61,"column":10}}]}},"s":{"0":1,"1":1,"2":1,"3":1,"4":0,"5":0,"6":0,"7":0,"8":0,"9":0,"10":0,"11":0,"12":0,"13":0,"14":0,"15":0,"16":0,"17":0,"18":0,"19":0,"20":0,"21":0,"22":0,"23":0,"24":0,"25":0,"26":0,"27":0,"28":1,"29":1},"f":{"0":0,"1":0,"2":0,"3":0,"4":0,"5":0,"6":0,"7":0,"8":0},"b":{"0":[0,0],"1":[0,0],"2":[0,0]}}
,"/Users/issam/dev/interviews/omnipresent/src/domain/use-cases/impl/index.ts": {"path":"/Users/issam/dev/interviews/omnipresent/src/domain/use-cases/impl/index.ts","statementMap":{"0":{"start":{"line":1,"column":0},"end":{"line":1,"column":45}},"1":{"start":{"line":2,"column":0},"end":{"line":2,"column":45}},"2":{"start":{"line":3,"column":0},"end":{"line":3,"column":38}}},"fnMap":{},"branchMap":{},"s":{"0":1,"1":1,"2":1},"f":{},"b":{}}
,"/Users/issam/dev/interviews/omnipresent/src/domain/use-cases/impl/region-service-impl.ts": {"path":"/Users/issam/dev/interviews/omnipresent/src/domain/use-cases/impl/region-service-impl.ts","statementMap":{"0":{"start":{"line":1,"column":0},"end":{"line":1,"column":49}},"1":{"start":{"line":3,"column":0},"end":{"line":3,"column":71}},"2":{"start":{"line":6,"column":0},"end":{"line":15,"column":null}},"3":{"start":{"line":9,"column":21},"end":{"line":9,"column":56}},"4":{"start":{"line":13,"column":4},"end":{"line":13,"column":56}},"5":{"start":{"line":6,"column":13},"end":{"line":15,"column":null}},"6":{"start":{"line":6,"column":13},"end":{"line":6,"column":30}}},"fnMap":{"0":{"name":"(anonymous_4)","decl":{"start":{"line":7,"column":2},"end":{"line":7,"column":null}},"loc":{"start":{"line":9,"column":56},"end":{"line":10,"column":6}}},"1":{"name":"(anonymous_5)","decl":{"start":{"line":12,"column":2},"end":{"line":12,"column":7}},"loc":{"start":{"line":12,"column":68},"end":{"line":14,"column":3}}}},"branchMap":{},"s":{"0":1,"1":1,"2":1,"3":0,"4":0,"5":1,"6":1},"f":{"0":0,"1":0},"b":{}}
}
