TN:
SF:src/domain/models/index.ts
FNF:0
FNH:0
DA:1,1
DA:2,1
DA:3,1
DA:4,1
LF:4
LH:4
BRF:0
BRH:0
end_of_record
TN:
SF:src/domain/models/contracts/countries-repository.ts
FNF:0
FNH:0
DA:3,1
LF:1
LH:1
BRF:0
BRH:0
end_of_record
TN:
SF:src/domain/models/contracts/employees-repository.ts
FNF:0
FNH:0
DA:3,1
LF:1
LH:1
BRF:0
BRH:0
end_of_record
TN:
SF:src/domain/models/contracts/index.ts
FNF:0
FNH:0
DA:1,1
DA:2,1
DA:3,1
LF:3
LH:3
BRF:0
BRH:0
end_of_record
TN:
SF:src/domain/models/contracts/region-repository.ts
FNF:0
FNH:0
DA:3,1
LF:1
LH:1
BRF:0
BRH:0
end_of_record
TN:
SF:src/domain/use-cases/common.ts
FNF:0
FNH:0
DA:3,1
LF:1
LH:1
BRF:0
BRH:0
end_of_record
TN:
SF:src/domain/use-cases/employees-service.ts
FNF:0
FNH:0
DA:3,1
LF:1
LH:1
BRF:0
BRH:0
end_of_record
TN:
SF:src/domain/use-cases/index.ts
FNF:0
FNH:0
DA:1,1
DA:2,1
DA:3,1
DA:4,1
LF:4
LH:4
BRF:0
BRH:0
end_of_record
TN:
SF:src/domain/use-cases/region-service.ts
FNF:0
FNH:0
DA:3,1
LF:1
LH:1
BRF:0
BRH:0
end_of_record
TN:
SF:src/domain/use-cases/impl/countries-service-impl.ts
FN:10,(anonymous_4)
FN:12,(anonymous_5)
FNF:2
FNH:2
FNDA:1,(anonymous_4)
FNDA:1,(anonymous_5)
DA:1,1
DA:2,1
DA:9,1
DA:10,1
DA:13,1
LF:5
LH:5
BRF:0
BRH:0
end_of_record
TN:
SF:src/domain/use-cases/impl/employees-service-impl.ts
FN:13,(anonymous_4)
FN:22,(anonymous_5)
FN:25,(anonymous_6)
FN:30,(anonymous_7)
FN:38,(anonymous_8)
FN:44,(anonymous_9)
FN:49,(anonymous_10)
FN:52,(anonymous_11)
FN:66,(anonymous_12)
FNF:9
FNH:0
FNDA:0,(anonymous_4)
FNDA:0,(anonymous_5)
FNDA:0,(anonymous_6)
FNDA:0,(anonymous_7)
FNDA:0,(anonymous_8)
FNDA:0,(anonymous_9)
FNDA:0,(anonymous_10)
FNDA:0,(anonymous_11)
FNDA:0,(anonymous_12)
DA:1,1
DA:2,1
DA:3,1
DA:12,1
DA:15,0
DA:17,0
DA:19,0
DA:23,0
DA:25,0
DA:26,0
DA:30,0
DA:31,0
DA:35,0
DA:43,0
DA:44,0
DA:45,0
DA:48,0
DA:49,0
DA:50,0
DA:52,0
DA:53,0
DA:54,0
DA:55,0
DA:56,0
DA:67,0
DA:68,0
LF:26
LH:4
BRDA:55,0,0,0
BRDA:55,0,1,0
BRDA:55,1,0,0
BRDA:55,1,1,0
BRDA:59,2,0,0
BRDA:59,2,1,0
BRF:6
BRH:0
end_of_record
TN:
SF:src/domain/use-cases/impl/index.ts
FNF:0
FNH:0
DA:1,1
DA:2,1
DA:3,1
LF:3
LH:3
BRF:0
BRH:0
end_of_record
TN:
SF:src/domain/use-cases/impl/region-service-impl.ts
FN:7,(anonymous_4)
FN:12,(anonymous_5)
FNF:2
FNH:0
FNDA:0,(anonymous_4)
FNDA:0,(anonymous_5)
DA:1,1
DA:3,1
DA:6,1
DA:9,0
DA:13,0
LF:5
LH:3
BRF:0
BRH:0
end_of_record
