TN:
SF:src/application/common/logger.ts
FNF:0
FNH:0
DA:1,2
DA:2,2
DA:4,2
DA:5,2
DA:6,2
DA:8,2
DA:9,0
DA:21,2
DA:22,2
DA:28,2
DA:33,2
LF:11
LH:10
BRDA:8,0,0,0
BRDA:21,1,0,2
BRF:2
BRH:1
end_of_record
TN:
SF:src/application/config/environment.ts
FNF:0
FNH:0
DA:1,2
DA:3,2
DA:10,2
DA:11,2
DA:12,2
DA:20,2
DA:36,2
DA:47,2
DA:55,2
DA:56,2
LF:10
LH:10
BRDA:20,0,0,2
BRDA:20,0,1,2
BRF:2
BRH:2
end_of_record
TN:
SF:src/domain/models/index.ts
FNF:0
FNH:0
DA:1,3
DA:2,3
DA:3,3
DA:4,3
LF:4
LH:4
BRF:0
BRH:0
end_of_record
TN:
SF:src/domain/models/contracts/countries-repository.ts
FNF:0
FNH:0
DA:3,3
LF:1
LH:1
BRF:0
BRH:0
end_of_record
TN:
SF:src/domain/models/contracts/employees-repository.ts
FNF:0
FNH:0
DA:3,3
LF:1
LH:1
BRF:0
BRH:0
end_of_record
TN:
SF:src/domain/models/contracts/index.ts
FNF:0
FNH:0
DA:1,3
DA:2,3
DA:3,3
LF:3
LH:3
BRF:0
BRH:0
end_of_record
TN:
SF:src/domain/models/contracts/region-repository.ts
FNF:0
FNH:0
DA:3,3
LF:1
LH:1
BRF:0
BRH:0
end_of_record
TN:
SF:src/domain/use-cases/countries-service.ts
FNF:0
FNH:0
DA:3,3
LF:1
LH:1
BRF:0
BRH:0
end_of_record
TN:
SF:src/domain/use-cases/employees-service.ts
FNF:0
FNH:0
DA:3,3
LF:1
LH:1
BRF:0
BRH:0
end_of_record
TN:
SF:src/domain/use-cases/index.ts
FNF:0
FNH:0
DA:1,3
DA:2,3
DA:3,3
DA:4,3
LF:4
LH:4
BRF:0
BRH:0
end_of_record
TN:
SF:src/domain/use-cases/region-service.ts
FNF:0
FNH:0
DA:3,3
LF:1
LH:1
BRF:0
BRH:0
end_of_record
TN:
SF:src/domain/use-cases/impl/countries-service-impl.ts
FN:10,(anonymous_4)
FN:12,(anonymous_5)
FNF:2
FNH:2
FNDA:2,(anonymous_4)
FNDA:2,(anonymous_5)
DA:1,3
DA:2,3
DA:9,3
DA:10,2
DA:13,2
LF:5
LH:5
BRF:0
BRH:0
end_of_record
TN:
SF:src/domain/use-cases/impl/employees-service-impl.ts
FN:13,(anonymous_4)
FN:22,(anonymous_5)
FN:25,(anonymous_6)
FN:30,(anonymous_7)
FN:38,(anonymous_8)
FN:44,(anonymous_9)
FN:49,(anonymous_10)
FN:52,(anonymous_11)
FN:67,(anonymous_12)
FNF:9
FNH:9
FNDA:9,(anonymous_4)
FNDA:9,(anonymous_5)
FNDA:13,(anonymous_6)
FNDA:12,(anonymous_7)
FNDA:9,(anonymous_8)
FNDA:12,(anonymous_9)
FNDA:30,(anonymous_10)
FNDA:13,(anonymous_11)
FNDA:7,(anonymous_12)
DA:1,3
DA:2,3
DA:3,3
DA:12,3
DA:15,9
DA:17,9
DA:19,9
DA:23,9
DA:25,13
DA:26,9
DA:30,12
DA:31,9
DA:35,9
DA:43,9
DA:44,9
DA:45,12
DA:48,9
DA:49,9
DA:50,30
DA:52,9
DA:53,13
DA:54,13
DA:55,13
DA:56,13
DA:68,7
DA:69,7
LF:26
LH:26
BRDA:54,0,0,1
BRDA:54,0,1,12
BRDA:54,1,0,13
BRDA:54,1,1,13
BRDA:55,2,0,2
BRDA:55,2,1,11
BRDA:55,3,0,13
BRDA:55,3,1,13
BRDA:59,4,0,13
BRDA:59,4,1,1
BRDA:60,5,0,13
BRDA:60,5,1,7
BRF:12
BRH:12
end_of_record
TN:
SF:src/domain/use-cases/impl/index.ts
FNF:0
FNH:0
DA:1,3
DA:2,3
DA:3,3
LF:3
LH:3
BRF:0
BRH:0
end_of_record
TN:
SF:src/domain/use-cases/impl/region-service-impl.ts
FN:7,(anonymous_4)
FN:12,(anonymous_5)
FNF:2
FNH:2
FNDA:4,(anonymous_4)
FNDA:2,(anonymous_5)
DA:1,3
DA:3,3
DA:6,3
DA:9,4
DA:13,2
LF:5
LH:5
BRF:0
BRH:0
end_of_record
TN:
SF:src/infrastructure/driven-adapters/adapters/countries-repository-adapter.ts
FN:8,(anonymous_1)
FN:20,(anonymous_2)
FN:21,(anonymous_3)
FN:23,(anonymous_4)
FN:43,(anonymous_5)
FN:44,(anonymous_6)
FNF:6
FNH:6
FNDA:9,(anonymous_1)
FNDA:8,(anonymous_2)
FNDA:12,(anonymous_3)
FNDA:12,(anonymous_4)
FNDA:12,(anonymous_5)
FNDA:24,(anonymous_6)
DA:1,2
DA:3,2
DA:4,2
DA:7,2
DA:9,9
DA:10,9
DA:11,9
DA:12,8
DA:14,1
DA:16,1
DA:21,8
DA:22,12
DA:23,12
DA:29,12
DA:30,12
DA:31,12
DA:32,12
DA:44,24
DA:45,12
LF:19
LH:19
BRDA:34,0,0,12
BRDA:34,0,1,0
BRDA:45,1,0,12
BRDA:45,1,1,0
BRDA:45,2,0,0
BRDA:45,2,1,12
BRDA:45,3,0,12
BRDA:45,3,1,12
BRF:8
BRH:5
end_of_record
TN:
SF:src/infrastructure/driven-adapters/adapters/employees-repository-adapter.ts
FN:57,(anonymous_0)
FNF:1
FNH:0
FNDA:0,(anonymous_0)
DA:3,2
DA:56,2
DA:58,0
LF:3
LH:2
BRF:0
BRH:0
end_of_record
TN:
SF:src/infrastructure/driven-adapters/adapters/index.ts
FNF:0
FNH:0
DA:1,2
DA:2,2
DA:3,2
LF:3
LH:3
BRF:0
BRH:0
end_of_record
TN:
SF:src/infrastructure/driven-adapters/adapters/region-repository-adapter.ts
FN:28,(anonymous_0)
FN:32,(anonymous_1)
FNF:2
FNH:2
FNDA:1,(anonymous_0)
FNDA:4,(anonymous_1)
DA:3,2
DA:27,2
DA:31,1
DA:32,4
DA:33,1
LF:5
LH:5
BRF:0
BRH:0
end_of_record
